2021-09-23 15:14:45,383  test  INFO: New instance of infapy started from hostname: INWPF23T242-AAD
2021-09-23 15:14:45,383  test  INFO: Host OS: Windows
2021-09-23 15:14:45,384  test  INFO: INFAPY Root Path: C:\Users\ppradeep\.infa
2021-09-23 15:14:45,585  test  DEBUG: User Profile: {'region': 'us', 'infa_access_key_id': 'gAAAAABhReR4z4yIi1J1F32dCihRg2Kfo2YV7pPbrXiw331xTSZm_Mq-y46F6XG7hgDDjwO-lCT43szjxP4zd1uZdL1z-oh48Q==', 'infa_secret_access_key': 'gAAAAABhReR4MIzAaUFd5E_4FW9gCrMpxUwLseqdRFsAFCgCMvoObnooHDp0mCjp31iAL8BktoC_edv_OiGV8AWYnRJK38LtOQ=='}
2021-09-23 15:14:49,586  test  DEBUG: Connected to Informatica Cloud V3: {'products': [{'name': 'Integration Cloud', 'baseApiUrl': 'https://na1.dm-us.informaticacloud.com/saas'}], 'userInfo': {'sessionId': '78gkQKi9ayydhxI6XMdI8s', 'id': '42szaouMf0bg0yycPME0Up', 'name': 'prashanth-p', 'parentOrgId': '9WV3s8WNLHXkbTjwoRS16j', 'orgId': 'fg1dzqDZ1K3lbHp8uq5vQB', 'orgName': 'GCS IICS', 'groups': {'admin-test-group': 'l9wuBUnuoCFdbrJyA1nJa5'}, 'status': 'Active'}}
2021-09-23 15:14:49,586  test  DEBUG: Connected to Informatica Cloud V2: {'id': '015ZHE03000000000002', 'orgId': '015ZHE', 'orgUuid': 'fg1dzqDZ1K3lbHp8uq5vQB', 'name': 'prashanth-p', 'description': '', 'createTime': '2021-02-01T11:23:40.000Z', 'updateTime': '2021-08-05T14:37:49.000Z', 'createdBy': 'prashant.pradeep_NA1', 'updatedBy': 'prashanth-p', 'sfUsername': None, 'firstName': 'Prashanth', 'lastName': 'Pradeep', 'title': 'Software Engineer', 'password': '********', 'phone': '9880850680', 'emails': 'ppradeep@informatica.com', 'timezone': None, 'serverUrl': 'https://na1.dm-us.informaticacloud.com/saas', 'icSessionId': '40onot1Ax8xds8TCY9kKAu', 'securityQuestion': 'In what city was your first job?', 'securityAnswer': '********', 'uuid': '42szaouMf0bg0yycPME0Up', 'forceChangePassword': False, 'roles': [{'name': 'Data Preview', 'description': 'Role to preview data'}, {'name': 'Designer', 'description': 'Role for creating assets, tasks, and processes. Can configure connections, schedules, and runtime environments. Has access to the Application Integration Console.'}, {'name': 'Data Integration Task Executor', 'description': 'Role to run Data Integration tasks'}, {'name': 'Customer 360 Analyst', 'description': 'MDM Customer 360 Analyst'}, {'name': 'Customer 360 Manager', 'description': 'MDM Customer 360 Manager'}, {'name': 'Business Manager', 'description': 'Role used for business managers'}, {'name': 'Data Viewer', 'description': 'Role used for granting access for data'}, {'name': 'Service Consumer', 'description': 'Role for running tasks, taskflows, and processes.'}, {'name': 'Admin', 'description': 'Role for performing administrative tasks for an organization. Has full access to all licensed services.'}, {'name': 'Customer 360 Data Steward', 'description': 'MDM Customer 360 Data Steward'}, {'name': 'Operator', 'description': 'Role used for monitoring execution environments'}, {'name': 'Deployer', 'description': 'Role used by deployer'}, {'name': 'Command Task', 'description': ''}, {'name': 'MDM Business User', 'description': 'Role used for MDM C360 Business Application runtime.'}, {'name': 'MDM Designer', 'description': 'MDM Designer'}, {'name': 'Monitor', 'description': 'Role used for application monitor'}], 'usergroups': [{'id': 'l9wuBUnuoCFdbrJyA1nJa5', 'orgId': '015ZHE', 'name': 'admin-test-group', 'description': '', 'createTime': '2021-02-17T15:23:01.000Z', 'updateTime': '2021-07-09T09:15:18.000Z', 'createdBy': 'prashanth-p', 'updatedBy': 'prashanth-p'}], 'spiUrl': 'https://na1.ai.dm-us.informaticacloud.com'}
2021-09-23 15:14:49,597  test  INFO: Created the v3 object to access the iics v3 apis
2021-09-23 15:14:49,598  test  INFO: created a v2 handler object successfully
2021-09-23 15:14:49,598  test  INFO: v3BaseURL: https://na1.dm-us.informaticacloud.com/saas
2021-09-23 15:15:11,459  test  INFO: New instance of infapy started from hostname: INWPF23T242-AAD
2021-09-23 15:15:11,459  test  INFO: Host OS: Windows
2021-09-23 15:15:11,459  test  INFO: INFAPY Root Path: C:\Users\ppradeep\.infa
2021-09-23 15:15:11,598  test  DEBUG: User Profile: {'region': 'us', 'infa_access_key_id': 'gAAAAABhReR4z4yIi1J1F32dCihRg2Kfo2YV7pPbrXiw331xTSZm_Mq-y46F6XG7hgDDjwO-lCT43szjxP4zd1uZdL1z-oh48Q==', 'infa_secret_access_key': 'gAAAAABhReR4MIzAaUFd5E_4FW9gCrMpxUwLseqdRFsAFCgCMvoObnooHDp0mCjp31iAL8BktoC_edv_OiGV8AWYnRJK38LtOQ=='}
2021-09-23 15:15:15,368  test  DEBUG: Connected to Informatica Cloud V3: {'products': [{'name': 'Integration Cloud', 'baseApiUrl': 'https://na1.dm-us.informaticacloud.com/saas'}], 'userInfo': {'sessionId': '2PxyOSdHdWRcxgA4Fu4t0m', 'id': '42szaouMf0bg0yycPME0Up', 'name': 'prashanth-p', 'parentOrgId': '9WV3s8WNLHXkbTjwoRS16j', 'orgId': 'fg1dzqDZ1K3lbHp8uq5vQB', 'orgName': 'GCS IICS', 'groups': {'admin-test-group': 'l9wuBUnuoCFdbrJyA1nJa5'}, 'status': 'Active'}}
2021-09-23 15:15:15,368  test  DEBUG: Connected to Informatica Cloud V2: {'id': '015ZHE03000000000002', 'orgId': '015ZHE', 'orgUuid': 'fg1dzqDZ1K3lbHp8uq5vQB', 'name': 'prashanth-p', 'description': '', 'createTime': '2021-02-01T11:23:40.000Z', 'updateTime': '2021-08-05T14:37:49.000Z', 'createdBy': 'prashant.pradeep_NA1', 'updatedBy': 'prashanth-p', 'sfUsername': None, 'firstName': 'Prashanth', 'lastName': 'Pradeep', 'title': 'Software Engineer', 'password': '********', 'phone': '9880850680', 'emails': 'ppradeep@informatica.com', 'timezone': None, 'serverUrl': 'https://na1.dm-us.informaticacloud.com/saas', 'icSessionId': '4sYWE4qjecNgATWLbiJg4R', 'securityQuestion': 'In what city was your first job?', 'securityAnswer': '********', 'uuid': '42szaouMf0bg0yycPME0Up', 'forceChangePassword': False, 'roles': [{'name': 'Data Preview', 'description': 'Role to preview data'}, {'name': 'Designer', 'description': 'Role for creating assets, tasks, and processes. Can configure connections, schedules, and runtime environments. Has access to the Application Integration Console.'}, {'name': 'Data Integration Task Executor', 'description': 'Role to run Data Integration tasks'}, {'name': 'Customer 360 Analyst', 'description': 'MDM Customer 360 Analyst'}, {'name': 'Customer 360 Manager', 'description': 'MDM Customer 360 Manager'}, {'name': 'Business Manager', 'description': 'Role used for business managers'}, {'name': 'Data Viewer', 'description': 'Role used for granting access for data'}, {'name': 'Service Consumer', 'description': 'Role for running tasks, taskflows, and processes.'}, {'name': 'Admin', 'description': 'Role for performing administrative tasks for an organization. Has full access to all licensed services.'}, {'name': 'Customer 360 Data Steward', 'description': 'MDM Customer 360 Data Steward'}, {'name': 'Operator', 'description': 'Role used for monitoring execution environments'}, {'name': 'Deployer', 'description': 'Role used by deployer'}, {'name': 'Command Task', 'description': ''}, {'name': 'MDM Business User', 'description': 'Role used for MDM C360 Business Application runtime.'}, {'name': 'MDM Designer', 'description': 'MDM Designer'}, {'name': 'Monitor', 'description': 'Role used for application monitor'}], 'usergroups': [{'id': 'l9wuBUnuoCFdbrJyA1nJa5', 'orgId': '015ZHE', 'name': 'admin-test-group', 'description': '', 'createTime': '2021-02-17T15:23:01.000Z', 'updateTime': '2021-07-09T09:15:18.000Z', 'createdBy': 'prashanth-p', 'updatedBy': 'prashanth-p'}], 'spiUrl': 'https://na1.ai.dm-us.informaticacloud.com'}
2021-09-23 15:15:15,377  test  INFO: Created the v3 object to access the iics v3 apis
2021-09-23 15:15:15,377  test  INFO: created a v2 handler object successfully
2021-09-23 15:15:15,377  test  INFO: v3BaseURL: https://na1.dm-us.informaticacloud.com/saas
2021-09-23 15:15:15,377  test  INFO: Performing lookup operation
2021-09-23 15:15:15,377  test  INFO: Using Path and type for object fetch
2021-09-23 15:15:15,377  test  INFO: Path Provided: Prashanth/TEST/MTT_MappingTask6
2021-09-23 15:15:15,377  test  INFO: Object Type Provided: MTT
2021-09-23 15:15:15,377  test  INFO: Please note that if you are using path, you have to provide 
ProjectFolder/SubFolder/MT_taskName
2021-09-23 15:15:15,377  test  INFO: get lookup url - https://na1.dm-us.informaticacloud.com/saas/public/core/v3/lookup
2021-09-23 15:15:15,377  test  INFO: API Headers: {'Content-Type': 'application/json', 'Accept': 'application/json', 'INFA-SESSION-ID': '2PxyOSdHdWRcxgA4Fu4t0m'}
2021-09-23 15:15:49,421  test  INFO: New instance of infapy started from hostname: INWPF23T242-AAD
2021-09-23 15:15:49,421  test  INFO: Host OS: Windows
2021-09-23 15:15:49,422  test  INFO: INFAPY Root Path: C:\Users\ppradeep\.infa
2021-09-23 15:15:49,660  test  DEBUG: User Profile: {'region': 'us', 'infa_access_key_id': 'gAAAAABhReR4z4yIi1J1F32dCihRg2Kfo2YV7pPbrXiw331xTSZm_Mq-y46F6XG7hgDDjwO-lCT43szjxP4zd1uZdL1z-oh48Q==', 'infa_secret_access_key': 'gAAAAABhReR4MIzAaUFd5E_4FW9gCrMpxUwLseqdRFsAFCgCMvoObnooHDp0mCjp31iAL8BktoC_edv_OiGV8AWYnRJK38LtOQ=='}
2021-09-23 15:15:53,786  test  DEBUG: Connected to Informatica Cloud V3: {'products': [{'name': 'Integration Cloud', 'baseApiUrl': 'https://na1.dm-us.informaticacloud.com/saas'}], 'userInfo': {'sessionId': '21PCVMxclmCfZ3GWHNoOEy', 'id': '42szaouMf0bg0yycPME0Up', 'name': 'prashanth-p', 'parentOrgId': '9WV3s8WNLHXkbTjwoRS16j', 'orgId': 'fg1dzqDZ1K3lbHp8uq5vQB', 'orgName': 'GCS IICS', 'groups': {'admin-test-group': 'l9wuBUnuoCFdbrJyA1nJa5'}, 'status': 'Active'}}
2021-09-23 15:15:53,787  test  DEBUG: Connected to Informatica Cloud V2: {'id': '015ZHE03000000000002', 'orgId': '015ZHE', 'orgUuid': 'fg1dzqDZ1K3lbHp8uq5vQB', 'name': 'prashanth-p', 'description': '', 'createTime': '2021-02-01T11:23:40.000Z', 'updateTime': '2021-08-05T14:37:49.000Z', 'createdBy': 'prashant.pradeep_NA1', 'updatedBy': 'prashanth-p', 'sfUsername': None, 'firstName': 'Prashanth', 'lastName': 'Pradeep', 'title': 'Software Engineer', 'password': '********', 'phone': '9880850680', 'emails': 'ppradeep@informatica.com', 'timezone': None, 'serverUrl': 'https://na1.dm-us.informaticacloud.com/saas', 'icSessionId': '50QPVXCL1fygrOP00mbnOF', 'securityQuestion': 'In what city was your first job?', 'securityAnswer': '********', 'uuid': '42szaouMf0bg0yycPME0Up', 'forceChangePassword': False, 'roles': [{'name': 'Data Preview', 'description': 'Role to preview data'}, {'name': 'Designer', 'description': 'Role for creating assets, tasks, and processes. Can configure connections, schedules, and runtime environments. Has access to the Application Integration Console.'}, {'name': 'Data Integration Task Executor', 'description': 'Role to run Data Integration tasks'}, {'name': 'Customer 360 Analyst', 'description': 'MDM Customer 360 Analyst'}, {'name': 'Customer 360 Manager', 'description': 'MDM Customer 360 Manager'}, {'name': 'Business Manager', 'description': 'Role used for business managers'}, {'name': 'Data Viewer', 'description': 'Role used for granting access for data'}, {'name': 'Service Consumer', 'description': 'Role for running tasks, taskflows, and processes.'}, {'name': 'Admin', 'description': 'Role for performing administrative tasks for an organization. Has full access to all licensed services.'}, {'name': 'Customer 360 Data Steward', 'description': 'MDM Customer 360 Data Steward'}, {'name': 'Operator', 'description': 'Role used for monitoring execution environments'}, {'name': 'Deployer', 'description': 'Role used by deployer'}, {'name': 'Command Task', 'description': ''}, {'name': 'MDM Business User', 'description': 'Role used for MDM C360 Business Application runtime.'}, {'name': 'MDM Designer', 'description': 'MDM Designer'}, {'name': 'Monitor', 'description': 'Role used for application monitor'}], 'usergroups': [{'id': 'l9wuBUnuoCFdbrJyA1nJa5', 'orgId': '015ZHE', 'name': 'admin-test-group', 'description': '', 'createTime': '2021-02-17T15:23:01.000Z', 'updateTime': '2021-07-09T09:15:18.000Z', 'createdBy': 'prashanth-p', 'updatedBy': 'prashanth-p'}], 'spiUrl': 'https://na1.ai.dm-us.informaticacloud.com'}
2021-09-23 15:15:53,816  test  INFO: Created the v3 object to access the iics v3 apis
2021-09-23 15:15:53,816  test  INFO: created a v2 handler object successfully
2021-09-23 15:15:53,817  test  INFO: v3BaseURL: https://na1.dm-us.informaticacloud.com/saas
2021-09-23 15:15:53,817  test  INFO: Performing lookup operation
2021-09-23 15:15:53,817  test  INFO: Using Path and type for object fetch
2021-09-23 15:15:53,817  test  INFO: Path Provided: Prashanth/TEST/MTT_MappingTask6
2021-09-23 15:15:53,818  test  INFO: Object Type Provided: MTT
2021-09-23 15:15:53,818  test  INFO: Please note that if you are using path, you have to provide 
ProjectFolder/SubFolder/MT_taskName
2021-09-23 15:15:53,818  test  INFO: get lookup url - https://na1.dm-us.informaticacloud.com/saas/public/core/v3/lookup
2021-09-23 15:15:53,818  test  INFO: API Headers: {'Content-Type': 'application/json', 'Accept': 'application/json', 'INFA-SESSION-ID': '21PCVMxclmCfZ3GWHNoOEy'}
2021-09-23 15:15:53,818  test  INFO: Body: {'objects': [{'path': 'Prashanth/TEST/MTT_MappingTask6', 'type': 'MTT'}]}
2021-09-23 15:15:55,129  test  DEBUG: {'objects': [{'id': '6OZL5GLp1wckJzwhTG30kD', 'path': 'Prashanth/TEST/MTT_MappingTask6', 'type': 'MTT', 'description': '', 'updatedBy': 'prashanth-p', 'updateTime': '2021-08-03T18:59:52Z'}]}
2021-09-23 15:15:55,129  test  INFO: Lookup completed
2021-09-23 15:16:48,035  test  INFO: New instance of infapy started from hostname: INWPF23T242-AAD
2021-09-23 15:16:48,035  test  INFO: Host OS: Windows
2021-09-23 15:16:48,035  test  INFO: INFAPY Root Path: C:\Users\ppradeep\.infa
2021-09-23 15:16:48,182  test  DEBUG: User Profile: {'region': 'us', 'infa_access_key_id': 'gAAAAABhReR4z4yIi1J1F32dCihRg2Kfo2YV7pPbrXiw331xTSZm_Mq-y46F6XG7hgDDjwO-lCT43szjxP4zd1uZdL1z-oh48Q==', 'infa_secret_access_key': 'gAAAAABhReR4MIzAaUFd5E_4FW9gCrMpxUwLseqdRFsAFCgCMvoObnooHDp0mCjp31iAL8BktoC_edv_OiGV8AWYnRJK38LtOQ=='}
2021-09-23 15:16:51,806  test  DEBUG: Connected to Informatica Cloud V3: {'products': [{'name': 'Integration Cloud', 'baseApiUrl': 'https://na1.dm-us.informaticacloud.com/saas'}], 'userInfo': {'sessionId': '2XbiuZ68i5Cj7fRrIoPUaY', 'id': '42szaouMf0bg0yycPME0Up', 'name': 'prashanth-p', 'parentOrgId': '9WV3s8WNLHXkbTjwoRS16j', 'orgId': 'fg1dzqDZ1K3lbHp8uq5vQB', 'orgName': 'GCS IICS', 'groups': {'admin-test-group': 'l9wuBUnuoCFdbrJyA1nJa5'}, 'status': 'Active'}}
2021-09-23 15:16:51,807  test  DEBUG: Connected to Informatica Cloud V2: {'id': '015ZHE03000000000002', 'orgId': '015ZHE', 'orgUuid': 'fg1dzqDZ1K3lbHp8uq5vQB', 'name': 'prashanth-p', 'description': '', 'createTime': '2021-02-01T11:23:40.000Z', 'updateTime': '2021-08-05T14:37:49.000Z', 'createdBy': 'prashant.pradeep_NA1', 'updatedBy': 'prashanth-p', 'sfUsername': None, 'firstName': 'Prashanth', 'lastName': 'Pradeep', 'title': 'Software Engineer', 'password': '********', 'phone': '9880850680', 'emails': 'ppradeep@informatica.com', 'timezone': None, 'serverUrl': 'https://na1.dm-us.informaticacloud.com/saas', 'icSessionId': 'bcAMX4Ww7wMkxpx1dYUbC7', 'securityQuestion': 'In what city was your first job?', 'securityAnswer': '********', 'uuid': '42szaouMf0bg0yycPME0Up', 'forceChangePassword': False, 'roles': [{'name': 'Data Preview', 'description': 'Role to preview data'}, {'name': 'Designer', 'description': 'Role for creating assets, tasks, and processes. Can configure connections, schedules, and runtime environments. Has access to the Application Integration Console.'}, {'name': 'Data Integration Task Executor', 'description': 'Role to run Data Integration tasks'}, {'name': 'Customer 360 Analyst', 'description': 'MDM Customer 360 Analyst'}, {'name': 'Customer 360 Manager', 'description': 'MDM Customer 360 Manager'}, {'name': 'Business Manager', 'description': 'Role used for business managers'}, {'name': 'Data Viewer', 'description': 'Role used for granting access for data'}, {'name': 'Service Consumer', 'description': 'Role for running tasks, taskflows, and processes.'}, {'name': 'Admin', 'description': 'Role for performing administrative tasks for an organization. Has full access to all licensed services.'}, {'name': 'Customer 360 Data Steward', 'description': 'MDM Customer 360 Data Steward'}, {'name': 'Operator', 'description': 'Role used for monitoring execution environments'}, {'name': 'Deployer', 'description': 'Role used by deployer'}, {'name': 'Command Task', 'description': ''}, {'name': 'MDM Business User', 'description': 'Role used for MDM C360 Business Application runtime.'}, {'name': 'MDM Designer', 'description': 'MDM Designer'}, {'name': 'Monitor', 'description': 'Role used for application monitor'}], 'usergroups': [{'id': 'l9wuBUnuoCFdbrJyA1nJa5', 'orgId': '015ZHE', 'name': 'admin-test-group', 'description': '', 'createTime': '2021-02-17T15:23:01.000Z', 'updateTime': '2021-07-09T09:15:18.000Z', 'createdBy': 'prashanth-p', 'updatedBy': 'prashanth-p'}], 'spiUrl': 'https://na1.ai.dm-us.informaticacloud.com'}
2021-09-23 15:16:51,814  test  INFO: Created the v3 object to access the iics v3 apis
2021-09-23 15:16:51,814  test  INFO: created a v2 handler object successfully
2021-09-23 15:16:51,814  test  INFO: v3BaseURL: https://na1.dm-us.informaticacloud.com/saas
2021-09-23 15:16:51,814  test  INFO: Performing lookup operation
2021-09-23 15:16:51,815  test  INFO: Using Path and type for object fetch
2021-09-23 15:16:51,815  test  INFO: Path Provided: Prashanth/TEST/MTT_MappingTask6
2021-09-23 15:16:51,815  test  INFO: Object Type Provided: MTT
2021-09-23 15:16:51,815  test  INFO: Please note that if you are using path, you have to provide 
ProjectFolder/SubFolder/MT_taskName
2021-09-23 15:16:51,815  test  INFO: get lookup url - https://na1.dm-us.informaticacloud.com/saas/public/core/v3/lookup
2021-09-23 15:16:51,815  test  INFO: API Headers: {'Content-Type': 'application/json', 'Accept': 'application/json', 'INFA-SESSION-ID': '2XbiuZ68i5Cj7fRrIoPUaY'}
2021-09-23 15:16:51,815  test  INFO: Body: {'objects': [{'path': 'Prashanth/TEST/MTT_MappingTask6', 'type': 'MTT'}]}
2021-09-23 15:16:53,090  test  DEBUG: {'objects': [{'id': '6OZL5GLp1wckJzwhTG30kD', 'path': 'Prashanth/TEST/MTT_MappingTask6', 'type': 'MTT', 'description': '', 'updatedBy': 'prashanth-p', 'updateTime': '2021-08-03T18:59:52Z'}]}
2021-09-23 15:16:53,090  test  INFO: Lookup completed
2021-09-23 15:17:35,949  test  INFO: New instance of infapy started from hostname: INWPF23T242-AAD
2021-09-23 15:17:35,949  test  INFO: Host OS: Windows
2021-09-23 15:17:35,949  test  INFO: INFAPY Root Path: C:\Users\ppradeep\.infa
2021-09-23 15:17:36,081  test  DEBUG: User Profile: {'region': 'us', 'infa_access_key_id': 'gAAAAABhReR4z4yIi1J1F32dCihRg2Kfo2YV7pPbrXiw331xTSZm_Mq-y46F6XG7hgDDjwO-lCT43szjxP4zd1uZdL1z-oh48Q==', 'infa_secret_access_key': 'gAAAAABhReR4MIzAaUFd5E_4FW9gCrMpxUwLseqdRFsAFCgCMvoObnooHDp0mCjp31iAL8BktoC_edv_OiGV8AWYnRJK38LtOQ=='}
2021-09-23 15:17:41,604  test  DEBUG: Connected to Informatica Cloud V3: {'products': [{'name': 'Integration Cloud', 'baseApiUrl': 'https://na1.dm-us.informaticacloud.com/saas'}], 'userInfo': {'sessionId': 'jTAtFZg2AmmdtSGW5UFmm0', 'id': '42szaouMf0bg0yycPME0Up', 'name': 'prashanth-p', 'parentOrgId': '9WV3s8WNLHXkbTjwoRS16j', 'orgId': 'fg1dzqDZ1K3lbHp8uq5vQB', 'orgName': 'GCS IICS', 'groups': {'admin-test-group': 'l9wuBUnuoCFdbrJyA1nJa5'}, 'status': 'Active'}}
2021-09-23 15:17:41,604  test  DEBUG: Connected to Informatica Cloud V2: {'id': '015ZHE03000000000002', 'orgId': '015ZHE', 'orgUuid': 'fg1dzqDZ1K3lbHp8uq5vQB', 'name': 'prashanth-p', 'description': '', 'createTime': '2021-02-01T11:23:40.000Z', 'updateTime': '2021-08-05T14:37:49.000Z', 'createdBy': 'prashant.pradeep_NA1', 'updatedBy': 'prashanth-p', 'sfUsername': None, 'firstName': 'Prashanth', 'lastName': 'Pradeep', 'title': 'Software Engineer', 'password': '********', 'phone': '9880850680', 'emails': 'ppradeep@informatica.com', 'timezone': None, 'serverUrl': 'https://na1.dm-us.informaticacloud.com/saas', 'icSessionId': '1MrojJn1Kz7e4yhElLW066', 'securityQuestion': 'In what city was your first job?', 'securityAnswer': '********', 'uuid': '42szaouMf0bg0yycPME0Up', 'forceChangePassword': False, 'roles': [{'name': 'Data Preview', 'description': 'Role to preview data'}, {'name': 'Designer', 'description': 'Role for creating assets, tasks, and processes. Can configure connections, schedules, and runtime environments. Has access to the Application Integration Console.'}, {'name': 'Data Integration Task Executor', 'description': 'Role to run Data Integration tasks'}, {'name': 'Customer 360 Analyst', 'description': 'MDM Customer 360 Analyst'}, {'name': 'Customer 360 Manager', 'description': 'MDM Customer 360 Manager'}, {'name': 'Business Manager', 'description': 'Role used for business managers'}, {'name': 'Data Viewer', 'description': 'Role used for granting access for data'}, {'name': 'Service Consumer', 'description': 'Role for running tasks, taskflows, and processes.'}, {'name': 'Admin', 'description': 'Role for performing administrative tasks for an organization. Has full access to all licensed services.'}, {'name': 'Customer 360 Data Steward', 'description': 'MDM Customer 360 Data Steward'}, {'name': 'Operator', 'description': 'Role used for monitoring execution environments'}, {'name': 'Deployer', 'description': 'Role used by deployer'}, {'name': 'Command Task', 'description': ''}, {'name': 'MDM Business User', 'description': 'Role used for MDM C360 Business Application runtime.'}, {'name': 'MDM Designer', 'description': 'MDM Designer'}, {'name': 'Monitor', 'description': 'Role used for application monitor'}], 'usergroups': [{'id': 'l9wuBUnuoCFdbrJyA1nJa5', 'orgId': '015ZHE', 'name': 'admin-test-group', 'description': '', 'createTime': '2021-02-17T15:23:01.000Z', 'updateTime': '2021-07-09T09:15:18.000Z', 'createdBy': 'prashanth-p', 'updatedBy': 'prashanth-p'}], 'spiUrl': 'https://na1.ai.dm-us.informaticacloud.com'}
2021-09-23 15:17:41,610  test  INFO: Created the v3 object to access the iics v3 apis
2021-09-23 15:17:41,610  test  INFO: created a v2 handler object successfully
2021-09-23 15:17:41,610  test  INFO: v3BaseURL: https://na1.dm-us.informaticacloud.com/saas
2021-09-23 15:17:41,610  test  INFO: Performing lookup operation
2021-09-23 15:17:41,610  test  INFO: Using Path and type for object fetch
2021-09-23 15:17:41,610  test  INFO: Path Provided: Prashanth/TEST/MTT_MappingTask6
2021-09-23 15:17:41,610  test  INFO: Object Type Provided: MTT
2021-09-23 15:17:41,610  test  INFO: Please note that if you are using path, you have to provide 
ProjectFolder/SubFolder/MT_taskName
2021-09-23 15:17:41,610  test  INFO: get lookup url - https://na1.dm-us.informaticacloud.com/saas/public/core/v3/lookup
2021-09-23 15:17:41,611  test  INFO: API Headers: {'Content-Type': 'application/json', 'Accept': 'application/json', 'INFA-SESSION-ID': 'jTAtFZg2AmmdtSGW5UFmm0'}
2021-09-23 15:17:41,611  test  INFO: Body: {'objects': [{'path': 'Prashanth/TEST/MTT_MappingTask6', 'type': 'MTT'}]}
2021-09-23 15:17:42,953  test  DEBUG: {'objects': [{'id': '6OZL5GLp1wckJzwhTG30kD', 'path': 'Prashanth/TEST/MTT_MappingTask6', 'type': 'MTT', 'description': '', 'updatedBy': 'prashanth-p', 'updateTime': '2021-08-03T18:59:52Z'}]}
2021-09-23 15:17:42,953  test  INFO: Lookup completed
2021-09-23 15:17:42,954  test  INFO: Performing lookup operation
2021-09-23 15:17:42,954  test  INFO: Using object id: 6OZL5GLp1wckJzwhTG30kD to perform lookup
2021-09-23 15:17:42,954  test  INFO: get lookup url - https://na1.dm-us.informaticacloud.com/saas/public/core/v3/lookup
2021-09-23 15:17:42,954  test  INFO: API Headers: {'Content-Type': 'application/json', 'Accept': 'application/json', 'INFA-SESSION-ID': 'jTAtFZg2AmmdtSGW5UFmm0'}
2021-09-23 15:17:42,954  test  INFO: Body: {'objects': [{'id': '6OZL5GLp1wckJzwhTG30kD'}]}
2021-09-23 15:17:44,173  test  DEBUG: {'objects': [{'id': '6OZL5GLp1wckJzwhTG30kD', 'path': 'Prashanth/TEST/MTT_MappingTask6', 'type': 'MTT', 'description': '', 'updatedBy': 'prashanth-p', 'updateTime': '2021-08-03T18:59:52Z'}]}
2021-09-23 15:17:44,173  test  INFO: Lookup completed
2021-09-23 15:19:04,776  test  INFO: New instance of infapy started from hostname: INWPF23T242-AAD
2021-09-23 15:19:04,776  test  INFO: Host OS: Windows
2021-09-23 15:19:04,776  test  INFO: INFAPY Root Path: C:\Users\ppradeep\.infa
2021-09-23 15:19:04,919  test  DEBUG: User Profile: {'region': 'us', 'infa_access_key_id': 'gAAAAABhReR4z4yIi1J1F32dCihRg2Kfo2YV7pPbrXiw331xTSZm_Mq-y46F6XG7hgDDjwO-lCT43szjxP4zd1uZdL1z-oh48Q==', 'infa_secret_access_key': 'gAAAAABhReR4MIzAaUFd5E_4FW9gCrMpxUwLseqdRFsAFCgCMvoObnooHDp0mCjp31iAL8BktoC_edv_OiGV8AWYnRJK38LtOQ=='}
2021-09-23 15:19:08,088  test  DEBUG: Connected to Informatica Cloud V3: {'products': [{'name': 'Integration Cloud', 'baseApiUrl': 'https://na1.dm-us.informaticacloud.com/saas'}], 'userInfo': {'sessionId': '6UriTZ3ineLb5TjyZUmr8M', 'id': '42szaouMf0bg0yycPME0Up', 'name': 'prashanth-p', 'parentOrgId': '9WV3s8WNLHXkbTjwoRS16j', 'orgId': 'fg1dzqDZ1K3lbHp8uq5vQB', 'orgName': 'GCS IICS', 'groups': {'admin-test-group': 'l9wuBUnuoCFdbrJyA1nJa5'}, 'status': 'Active'}}
2021-09-23 15:19:08,089  test  DEBUG: Connected to Informatica Cloud V2: {'id': '015ZHE03000000000002', 'orgId': '015ZHE', 'orgUuid': 'fg1dzqDZ1K3lbHp8uq5vQB', 'name': 'prashanth-p', 'description': '', 'createTime': '2021-02-01T11:23:40.000Z', 'updateTime': '2021-08-05T14:37:49.000Z', 'createdBy': 'prashant.pradeep_NA1', 'updatedBy': 'prashanth-p', 'sfUsername': None, 'firstName': 'Prashanth', 'lastName': 'Pradeep', 'title': 'Software Engineer', 'password': '********', 'phone': '9880850680', 'emails': 'ppradeep@informatica.com', 'timezone': None, 'serverUrl': 'https://na1.dm-us.informaticacloud.com/saas', 'icSessionId': 'fV3b97vICgabbfdcRPj0WG', 'securityQuestion': 'In what city was your first job?', 'securityAnswer': '********', 'uuid': '42szaouMf0bg0yycPME0Up', 'forceChangePassword': False, 'roles': [{'name': 'Data Preview', 'description': 'Role to preview data'}, {'name': 'Designer', 'description': 'Role for creating assets, tasks, and processes. Can configure connections, schedules, and runtime environments. Has access to the Application Integration Console.'}, {'name': 'Data Integration Task Executor', 'description': 'Role to run Data Integration tasks'}, {'name': 'Customer 360 Analyst', 'description': 'MDM Customer 360 Analyst'}, {'name': 'Customer 360 Manager', 'description': 'MDM Customer 360 Manager'}, {'name': 'Business Manager', 'description': 'Role used for business managers'}, {'name': 'Data Viewer', 'description': 'Role used for granting access for data'}, {'name': 'Service Consumer', 'description': 'Role for running tasks, taskflows, and processes.'}, {'name': 'Admin', 'description': 'Role for performing administrative tasks for an organization. Has full access to all licensed services.'}, {'name': 'Customer 360 Data Steward', 'description': 'MDM Customer 360 Data Steward'}, {'name': 'Operator', 'description': 'Role used for monitoring execution environments'}, {'name': 'Deployer', 'description': 'Role used by deployer'}, {'name': 'Command Task', 'description': ''}, {'name': 'MDM Business User', 'description': 'Role used for MDM C360 Business Application runtime.'}, {'name': 'MDM Designer', 'description': 'MDM Designer'}, {'name': 'Monitor', 'description': 'Role used for application monitor'}], 'usergroups': [{'id': 'l9wuBUnuoCFdbrJyA1nJa5', 'orgId': '015ZHE', 'name': 'admin-test-group', 'description': '', 'createTime': '2021-02-17T15:23:01.000Z', 'updateTime': '2021-07-09T09:15:18.000Z', 'createdBy': 'prashanth-p', 'updatedBy': 'prashanth-p'}], 'spiUrl': 'https://na1.ai.dm-us.informaticacloud.com'}
2021-09-23 15:19:08,108  test  INFO: Created the v3 object to access the iics v3 apis
2021-09-23 15:19:08,109  test  INFO: created a v2 handler object successfully
2021-09-23 15:19:08,109  test  INFO: v3BaseURL: https://na1.dm-us.informaticacloud.com/saas
2021-09-23 15:19:08,109  test  INFO: Performing lookup operation
2021-09-23 15:19:08,109  test  INFO: Using Path and type for object fetch
2021-09-23 15:19:08,110  test  INFO: Path Provided: Prashanth/TEST/MTT_MappingTask6
2021-09-23 15:19:08,110  test  INFO: Object Type Provided: MTT
2021-09-23 15:19:08,110  test  INFO: Please note that if you are using path, you have to provide 
ProjectFolder/SubFolder/MT_taskName
2021-09-23 15:19:08,110  test  INFO: get lookup url - https://na1.dm-us.informaticacloud.com/saas/public/core/v3/lookup
2021-09-23 15:19:08,110  test  INFO: API Headers: {'Content-Type': 'application/json', 'Accept': 'application/json', 'INFA-SESSION-ID': '6UriTZ3ineLb5TjyZUmr8M'}
2021-09-23 15:19:08,111  test  INFO: Body: {'objects': [{'path': 'Prashanth/TEST/MTT_MappingTask6', 'type': 'MTT'}]}
2021-09-23 15:19:09,362  test  DEBUG: {'objects': [{'id': '6OZL5GLp1wckJzwhTG30kD', 'path': 'Prashanth/TEST/MTT_MappingTask6', 'type': 'MTT', 'description': '', 'updatedBy': 'prashanth-p', 'updateTime': '2021-08-03T18:59:52Z'}]}
2021-09-23 15:19:09,362  test  INFO: Lookup completed
2021-09-23 15:19:09,362  test  INFO: Performing lookup operation
2021-09-23 15:19:09,362  test  INFO: Using object id: 6OZL5GLp1wckJzwhTG30kD to perform lookup
2021-09-23 15:19:09,363  test  INFO: get lookup url - https://na1.dm-us.informaticacloud.com/saas/public/core/v3/lookup
2021-09-23 15:19:09,363  test  INFO: API Headers: {'Content-Type': 'application/json', 'Accept': 'application/json', 'INFA-SESSION-ID': '6UriTZ3ineLb5TjyZUmr8M'}
2021-09-23 15:19:09,363  test  INFO: Body: {'objects': [{'id': '6OZL5GLp1wckJzwhTG30kD'}]}
2021-09-23 15:19:10,551  test  DEBUG: {'objects': [{'id': '6OZL5GLp1wckJzwhTG30kD', 'path': 'Prashanth/TEST/MTT_MappingTask6', 'type': 'MTT', 'description': '', 'updatedBy': 'prashanth-p', 'updateTime': '2021-08-03T18:59:52Z'}]}
2021-09-23 15:19:10,552  test  INFO: Lookup completed
2021-09-23 15:19:10,553  test  INFO: Performing lookup operation
2021-09-23 15:19:10,553  test  ERROR: You have not provided valid arguments for performing lookup
2021-09-23 15:19:10,554  test  ERROR: Either provide id from v3.objects or provide the path and type
2021-09-23 15:19:10,554  test  INFO: Usage: v3.lookup(id=ID
2021-09-23 15:19:10,555  test  INFO: Usage: v3.lookup(path=/path/to/object,type=
2021-09-23 15:19:10,555  test  ERROR: Invalid Arguments for method provided
Traceback (most recent call last):
  File "C:\Users\ppradeep\Music\infapy\infapy\infapy\v3\__init__.py", line 39, in lookup
    raise InvalidArgumentsError
infapy.exceptions.InvalidArgumentsError: Invalid Arguments for method provided
2021-09-23 15:21:09,399  test  INFO: New instance of infapy started from hostname: INWPF23T242-AAD
2021-09-23 15:21:09,399  test  INFO: Host OS: Windows
2021-09-23 15:21:09,399  test  INFO: INFAPY Root Path: C:\Users\ppradeep\.infa
2021-09-23 15:21:09,538  test  DEBUG: User Profile: {'region': 'us', 'infa_access_key_id': 'gAAAAABhReR4z4yIi1J1F32dCihRg2Kfo2YV7pPbrXiw331xTSZm_Mq-y46F6XG7hgDDjwO-lCT43szjxP4zd1uZdL1z-oh48Q==', 'infa_secret_access_key': 'gAAAAABhReR4MIzAaUFd5E_4FW9gCrMpxUwLseqdRFsAFCgCMvoObnooHDp0mCjp31iAL8BktoC_edv_OiGV8AWYnRJK38LtOQ=='}
2021-09-23 15:21:17,566  test  INFO: New instance of infapy started from hostname: INWPF23T242-AAD
2021-09-23 15:21:17,567  test  INFO: Host OS: Windows
2021-09-23 15:21:17,567  test  INFO: INFAPY Root Path: C:\Users\ppradeep\.infa
2021-09-23 15:21:22,379  test  INFO: New instance of infapy started from hostname: INWPF23T242-AAD
2021-09-23 15:21:22,379  test  INFO: Host OS: Windows
2021-09-23 15:21:22,380  test  INFO: INFAPY Root Path: C:\Users\ppradeep\.infa
2021-09-23 15:21:22,514  test  DEBUG: User Profile: {'region': 'us', 'infa_access_key_id': 'gAAAAABhReR4z4yIi1J1F32dCihRg2Kfo2YV7pPbrXiw331xTSZm_Mq-y46F6XG7hgDDjwO-lCT43szjxP4zd1uZdL1z-oh48Q==', 'infa_secret_access_key': 'gAAAAABhReR4MIzAaUFd5E_4FW9gCrMpxUwLseqdRFsAFCgCMvoObnooHDp0mCjp31iAL8BktoC_edv_OiGV8AWYnRJK38LtOQ=='}
2021-09-23 15:21:26,756  test  DEBUG: Connected to Informatica Cloud V3: {'products': [{'name': 'Integration Cloud', 'baseApiUrl': 'https://na1.dm-us.informaticacloud.com/saas'}], 'userInfo': {'sessionId': 'bK2C3MgZQmRe1IkDS5g6g6', 'id': '42szaouMf0bg0yycPME0Up', 'name': 'prashanth-p', 'parentOrgId': '9WV3s8WNLHXkbTjwoRS16j', 'orgId': 'fg1dzqDZ1K3lbHp8uq5vQB', 'orgName': 'GCS IICS', 'groups': {'admin-test-group': 'l9wuBUnuoCFdbrJyA1nJa5'}, 'status': 'Active'}}
2021-09-23 15:21:26,757  test  DEBUG: Connected to Informatica Cloud V2: {'id': '015ZHE03000000000002', 'orgId': '015ZHE', 'orgUuid': 'fg1dzqDZ1K3lbHp8uq5vQB', 'name': 'prashanth-p', 'description': '', 'createTime': '2021-02-01T11:23:40.000Z', 'updateTime': '2021-08-05T14:37:49.000Z', 'createdBy': 'prashant.pradeep_NA1', 'updatedBy': 'prashanth-p', 'sfUsername': None, 'firstName': 'Prashanth', 'lastName': 'Pradeep', 'title': 'Software Engineer', 'password': '********', 'phone': '9880850680', 'emails': 'ppradeep@informatica.com', 'timezone': None, 'serverUrl': 'https://na1.dm-us.informaticacloud.com/saas', 'icSessionId': '2m7kHyUIG6Bfc0ciSRViWn', 'securityQuestion': 'In what city was your first job?', 'securityAnswer': '********', 'uuid': '42szaouMf0bg0yycPME0Up', 'forceChangePassword': False, 'roles': [{'name': 'Data Preview', 'description': 'Role to preview data'}, {'name': 'Designer', 'description': 'Role for creating assets, tasks, and processes. Can configure connections, schedules, and runtime environments. Has access to the Application Integration Console.'}, {'name': 'Data Integration Task Executor', 'description': 'Role to run Data Integration tasks'}, {'name': 'Customer 360 Analyst', 'description': 'MDM Customer 360 Analyst'}, {'name': 'Customer 360 Manager', 'description': 'MDM Customer 360 Manager'}, {'name': 'Business Manager', 'description': 'Role used for business managers'}, {'name': 'Data Viewer', 'description': 'Role used for granting access for data'}, {'name': 'Service Consumer', 'description': 'Role for running tasks, taskflows, and processes.'}, {'name': 'Admin', 'description': 'Role for performing administrative tasks for an organization. Has full access to all licensed services.'}, {'name': 'Customer 360 Data Steward', 'description': 'MDM Customer 360 Data Steward'}, {'name': 'Operator', 'description': 'Role used for monitoring execution environments'}, {'name': 'Deployer', 'description': 'Role used by deployer'}, {'name': 'Command Task', 'description': ''}, {'name': 'MDM Business User', 'description': 'Role used for MDM C360 Business Application runtime.'}, {'name': 'MDM Designer', 'description': 'MDM Designer'}, {'name': 'Monitor', 'description': 'Role used for application monitor'}], 'usergroups': [{'id': 'l9wuBUnuoCFdbrJyA1nJa5', 'orgId': '015ZHE', 'name': 'admin-test-group', 'description': '', 'createTime': '2021-02-17T15:23:01.000Z', 'updateTime': '2021-07-09T09:15:18.000Z', 'createdBy': 'prashanth-p', 'updatedBy': 'prashanth-p'}], 'spiUrl': 'https://na1.ai.dm-us.informaticacloud.com'}
2021-09-23 15:21:26,786  test  INFO: Created the v3 object to access the iics v3 apis
2021-09-23 15:21:26,787  test  INFO: created a v2 handler object successfully
2021-09-23 15:21:26,787  test  INFO: v3BaseURL: https://na1.dm-us.informaticacloud.com/saas
2021-09-23 15:21:26,787  test  INFO: Performing lookup operation
2021-09-23 15:21:26,787  test  INFO: Using Path and type for object fetch
2021-09-23 15:21:26,787  test  INFO: Path Provided: Prashanth/TEST/MTT_MappingTask6
2021-09-23 15:21:26,787  test  INFO: Object Type Provided: MTT
2021-09-23 15:21:26,787  test  INFO: Please note that if you are using path, you have to provide 
ProjectFolder/SubFolder/MT_taskName
2021-09-23 15:21:26,788  test  INFO: get lookup url - https://na1.dm-us.informaticacloud.com/saas/public/core/v3/lookup
2021-09-23 15:21:26,788  test  INFO: API Headers: {'Content-Type': 'application/json', 'Accept': 'application/json', 'INFA-SESSION-ID': 'bK2C3MgZQmRe1IkDS5g6g6'}
2021-09-23 15:21:26,788  test  INFO: Body: {'objects': [{'path': 'Prashanth/TEST/MTT_MappingTask6', 'type': 'MTT'}]}
2021-09-23 15:21:28,092  test  DEBUG: {'objects': [{'id': '6OZL5GLp1wckJzwhTG30kD', 'path': 'Prashanth/TEST/MTT_MappingTask6', 'type': 'MTT', 'description': '', 'updatedBy': 'prashanth-p', 'updateTime': '2021-08-03T18:59:52Z'}]}
2021-09-23 15:21:28,092  test  INFO: Lookup completed
2021-09-23 15:21:28,093  test  INFO: Performing lookup operation
2021-09-23 15:21:28,093  test  INFO: Using object id: 6OZL5GLp1wckJzwhTG30kD to perform lookup
2021-09-23 15:21:28,093  test  INFO: get lookup url - https://na1.dm-us.informaticacloud.com/saas/public/core/v3/lookup
2021-09-23 15:21:28,093  test  INFO: API Headers: {'Content-Type': 'application/json', 'Accept': 'application/json', 'INFA-SESSION-ID': 'bK2C3MgZQmRe1IkDS5g6g6'}
2021-09-23 15:21:28,093  test  INFO: Body: {'objects': [{'id': '6OZL5GLp1wckJzwhTG30kD'}]}
2021-09-23 15:21:29,287  test  DEBUG: {'objects': [{'id': '6OZL5GLp1wckJzwhTG30kD', 'path': 'Prashanth/TEST/MTT_MappingTask6', 'type': 'MTT', 'description': '', 'updatedBy': 'prashanth-p', 'updateTime': '2021-08-03T18:59:52Z'}]}
2021-09-23 15:21:29,287  test  INFO: Lookup completed
2021-09-23 15:21:29,288  test  INFO: Performing lookup operation
2021-09-23 15:21:29,288  test  ERROR: You have not provided valid arguments for performing lookup
2021-09-23 15:21:29,288  test  ERROR: Either provide id from v3.objects or provide the path and type
2021-09-23 15:21:29,288  test  INFO: Usage: v3.lookup(id=ID)
2021-09-23 15:21:29,288  test  INFO: Usage: v3.lookup(path=/path/to/object,type=ObjectType)
2021-09-23 15:21:29,288  test  ERROR: Invalid Arguments for method provided
Traceback (most recent call last):
  File "C:\Users\ppradeep\Music\infapy\infapy\infapy\v3\__init__.py", line 39, in lookup
    raise InvalidArgumentsError
infapy.exceptions.InvalidArgumentsError: Invalid Arguments for method provided
